<?xml version="1.0" encoding="UTF-8"?>
<testsuite name="com.phonebook.tests.LoginTests" tests="2" skipped="0" failures="0" errors="0" timestamp="2025-09-19T08:09:00" hostname="DENISULTANOV" time="12.252">
  <properties/>
  <testcase name="loginPositiveTest" classname="com.phonebook.tests.LoginTests" time="0.739"/>
  <testcase name="loginNegativeWithoutEmailTest" classname="com.phonebook.tests.LoginTests" time="1.348"/>
  <system-out><![CDATA[10:09:00.807 [Test worker] INFO  com.phonebook.tests.TestBase -- Start test loginPositiveTest[]
10:09:00.807 [Test worker] INFO  com.phonebook.utils.MyListener -- Before find elements By.cssSelector: [href='/login']
10:09:00.808 [Test worker] INFO  com.phonebook.utils.MyListener -- ************************************
10:09:00.816 [Test worker] INFO  com.phonebook.utils.MyListener -- List size is 1
10:09:00.816 [Test worker] INFO  com.phonebook.utils.MyListener -- ************************************
10:09:00.816 [Test worker] INFO  com.phonebook.tests.TestBase -- Login with data --> manual22@gmail.com*************Manuel12345$
10:09:00.818 [Test worker] INFO  com.phonebook.utils.MyListener -- The locator will find By.cssSelector: [href='/login']
10:09:00.818 [Test worker] INFO  com.phonebook.utils.MyListener -- ************************************
10:09:00.825 [Test worker] INFO  com.phonebook.utils.MyListener -- The locator is By.cssSelector: [href='/login']
10:09:00.825 [Test worker] INFO  com.phonebook.utils.MyListener -- ************************************
10:09:00.891 [Test worker] INFO  com.phonebook.utils.MyListener -- The locator will find By.name: email
10:09:00.891 [Test worker] INFO  com.phonebook.utils.MyListener -- ************************************
10:09:00.900 [Test worker] INFO  com.phonebook.utils.MyListener -- The locator is By.name: email
10:09:00.901 [Test worker] INFO  com.phonebook.utils.MyListener -- ************************************
10:09:00.966 [Test worker] INFO  com.phonebook.utils.MyListener -- The locator will find By.name: email
10:09:00.966 [Test worker] INFO  com.phonebook.utils.MyListener -- ************************************
10:09:00.974 [Test worker] INFO  com.phonebook.utils.MyListener -- The locator is By.name: email
10:09:00.974 [Test worker] INFO  com.phonebook.utils.MyListener -- ************************************
10:09:01.003 [Test worker] INFO  com.phonebook.utils.MyListener -- The locator will find By.name: email
10:09:01.003 [Test worker] INFO  com.phonebook.utils.MyListener -- ************************************
10:09:01.011 [Test worker] INFO  com.phonebook.utils.MyListener -- The locator is By.name: email
10:09:01.012 [Test worker] INFO  com.phonebook.utils.MyListener -- ************************************
10:09:01.055 [Test worker] INFO  com.phonebook.utils.MyListener -- The locator will find By.name: password
10:09:01.055 [Test worker] INFO  com.phonebook.utils.MyListener -- ************************************
10:09:01.064 [Test worker] INFO  com.phonebook.utils.MyListener -- The locator is By.name: password
10:09:01.064 [Test worker] INFO  com.phonebook.utils.MyListener -- ************************************
10:09:01.129 [Test worker] INFO  com.phonebook.utils.MyListener -- The locator will find By.name: password
10:09:01.129 [Test worker] INFO  com.phonebook.utils.MyListener -- ************************************
10:09:01.136 [Test worker] INFO  com.phonebook.utils.MyListener -- The locator is By.name: password
10:09:01.136 [Test worker] INFO  com.phonebook.utils.MyListener -- ************************************
10:09:01.163 [Test worker] INFO  com.phonebook.utils.MyListener -- The locator will find By.name: password
10:09:01.163 [Test worker] INFO  com.phonebook.utils.MyListener -- ************************************
10:09:01.172 [Test worker] INFO  com.phonebook.utils.MyListener -- The locator is By.name: password
10:09:01.172 [Test worker] INFO  com.phonebook.utils.MyListener -- ************************************
10:09:01.213 [Test worker] INFO  com.phonebook.utils.MyListener -- The locator will find By.name: login
10:09:01.213 [Test worker] INFO  com.phonebook.utils.MyListener -- ************************************
10:09:01.225 [Test worker] INFO  com.phonebook.utils.MyListener -- The locator is By.name: login
10:09:01.225 [Test worker] INFO  com.phonebook.utils.MyListener -- ************************************
10:09:01.281 [Test worker] INFO  com.phonebook.utils.MyListener -- Before find elements By.xpath: //button[.='Sign Out']
10:09:01.281 [Test worker] INFO  com.phonebook.utils.MyListener -- ************************************
10:09:01.555 [Test worker] INFO  com.phonebook.utils.MyListener -- List size is 1
10:09:01.555 [Test worker] INFO  com.phonebook.utils.MyListener -- ************************************
10:09:01.557 [Test worker] INFO  com.phonebook.tests.TestBase -- PASSED: loginPositiveTest
10:09:01.557 [Test worker] INFO  com.phonebook.tests.TestBase -- Stop test
10:09:01.557 [Test worker] INFO  com.phonebook.tests.TestBase -- *********************************************************
10:09:01.558 [Test worker] INFO  com.phonebook.tests.TestBase -- Start test loginNegativeWithoutEmailTest[]
10:09:01.560 [Test worker] INFO  com.phonebook.utils.MyListener -- Before find elements By.cssSelector: [href='/login']
10:09:01.560 [Test worker] INFO  com.phonebook.utils.MyListener -- ************************************
10:09:11.600 [Test worker] INFO  com.phonebook.utils.MyListener -- List size is 0
10:09:11.600 [Test worker] INFO  com.phonebook.utils.MyListener -- ************************************
10:09:11.600 [Test worker] INFO  com.phonebook.utils.MyListener -- The locator will find By.xpath: //button[.='Sign Out']
10:09:11.600 [Test worker] INFO  com.phonebook.utils.MyListener -- ************************************
10:09:11.628 [Test worker] INFO  com.phonebook.utils.MyListener -- The locator is By.xpath: //button[.='Sign Out']
10:09:11.629 [Test worker] INFO  com.phonebook.utils.MyListener -- ************************************
10:09:11.720 [Test worker] INFO  com.phonebook.utils.MyListener -- The locator will find By.cssSelector: [href='/login']
10:09:11.720 [Test worker] INFO  com.phonebook.utils.MyListener -- ************************************
10:09:11.730 [Test worker] INFO  com.phonebook.utils.MyListener -- The locator is By.cssSelector: [href='/login']
10:09:11.730 [Test worker] INFO  com.phonebook.utils.MyListener -- ************************************
10:09:11.795 [Test worker] INFO  com.phonebook.utils.MyListener -- The locator will find By.name: password
10:09:11.795 [Test worker] INFO  com.phonebook.utils.MyListener -- ************************************
10:09:11.803 [Test worker] INFO  com.phonebook.utils.MyListener -- The locator is By.name: password
10:09:11.803 [Test worker] INFO  com.phonebook.utils.MyListener -- ************************************
10:09:11.870 [Test worker] INFO  com.phonebook.utils.MyListener -- The locator will find By.name: password
10:09:11.870 [Test worker] INFO  com.phonebook.utils.MyListener -- ************************************
10:09:11.878 [Test worker] INFO  com.phonebook.utils.MyListener -- The locator is By.name: password
10:09:11.878 [Test worker] INFO  com.phonebook.utils.MyListener -- ************************************
10:09:11.905 [Test worker] INFO  com.phonebook.utils.MyListener -- The locator will find By.name: password
10:09:11.905 [Test worker] INFO  com.phonebook.utils.MyListener -- ************************************
10:09:11.913 [Test worker] INFO  com.phonebook.utils.MyListener -- The locator is By.name: password
10:09:11.914 [Test worker] INFO  com.phonebook.utils.MyListener -- ************************************
10:09:11.952 [Test worker] INFO  com.phonebook.utils.MyListener -- The locator will find By.name: login
10:09:11.953 [Test worker] INFO  com.phonebook.utils.MyListener -- ************************************
10:09:11.963 [Test worker] INFO  com.phonebook.utils.MyListener -- The locator is By.name: login
10:09:11.963 [Test worker] INFO  com.phonebook.utils.MyListener -- ************************************
10:09:12.026 [Test worker] INFO  com.phonebook.utils.MyListener -- The test have a problem
10:09:12.027 [Test worker] INFO  com.phonebook.utils.MyListener -- ***************************
10:09:12.027 [Test worker] INFO  com.phonebook.utils.MyListener -- Method --> alert
10:09:12.027 [Test worker] INFO  com.phonebook.utils.MyListener -- ****************************
10:09:12.027 [Test worker] INFO  com.phonebook.utils.MyListener -- TargetException --> org.openqa.selenium.NoAlertPresentException: no such alert
  (Session info: chrome=140.0.7339.128)
Build info: version: '4.30.0', revision: '509c7f17cc*'
System info: os.name: 'Windows 11', os.arch: 'amd64', os.version: '10.0', java.version: '17.0.16'
Driver info: org.openqa.selenium.chrome.ChromeDriver
Command: [80dcfe209e49d14cbf1e58aa8a222acf, getAlertText {}]
Capabilities {acceptInsecureCerts: false, browserName: chrome, browserVersion: 140.0.7339.128, chrome: {chromedriverVersion: 140.0.7339.80 (670b6f192f46..., userDataDir: C:\Users\magom\AppData\Loca...}, fedcm:accounts: true, goog:chromeOptions: {debuggerAddress: localhost:49823}, networkConnectionEnabled: false, pageLoadStrategy: normal, platformName: windows, proxy: Proxy(), se:cdp: ws://localhost:49823/devtoo..., se:cdpVersion: 140.0.7339.128, setWindowRect: true, strictFileInteractability: false, timeouts: {implicit: 0, pageLoad: 300000, script: 30000}, unhandledPromptBehavior: dismiss and notify, webauthn:extension:credBlob: true, webauthn:extension:largeBlob: true, webauthn:extension:minPinLength: true, webauthn:extension:prf: true, webauthn:virtualAuthenticators: true}
Session ID: 80dcfe209e49d14cbf1e58aa8a222acf
10:09:12.027 [Test worker] INFO  com.phonebook.utils.MyListener -- ***************************************
10:09:12.027 [Test worker] INFO  com.phonebook.utils.MyListener -- Object target --> org.openqa.selenium.remote.RemoteWebDriver$RemoteTargetLocator@44485db
10:09:12.027 [Test worker] INFO  com.phonebook.utils.MyListener -- ****************************************
10:09:12.542 [Test worker] INFO  com.phonebook.utils.MyListener -- The test have a problem
10:09:12.544 [Test worker] INFO  com.phonebook.utils.MyListener -- ***************************
10:09:12.544 [Test worker] INFO  com.phonebook.utils.MyListener -- Method --> alert
10:09:12.544 [Test worker] INFO  com.phonebook.utils.MyListener -- ****************************
10:09:12.544 [Test worker] INFO  com.phonebook.utils.MyListener -- TargetException --> org.openqa.selenium.NoAlertPresentException: no such alert
  (Session info: chrome=140.0.7339.128)
Build info: version: '4.30.0', revision: '509c7f17cc*'
System info: os.name: 'Windows 11', os.arch: 'amd64', os.version: '10.0', java.version: '17.0.16'
Driver info: org.openqa.selenium.chrome.ChromeDriver
Command: [80dcfe209e49d14cbf1e58aa8a222acf, getAlertText {}]
Capabilities {acceptInsecureCerts: false, browserName: chrome, browserVersion: 140.0.7339.128, chrome: {chromedriverVersion: 140.0.7339.80 (670b6f192f46..., userDataDir: C:\Users\magom\AppData\Loca...}, fedcm:accounts: true, goog:chromeOptions: {debuggerAddress: localhost:49823}, networkConnectionEnabled: false, pageLoadStrategy: normal, platformName: windows, proxy: Proxy(), se:cdp: ws://localhost:49823/devtoo..., se:cdpVersion: 140.0.7339.128, setWindowRect: true, strictFileInteractability: false, timeouts: {implicit: 0, pageLoad: 300000, script: 30000}, unhandledPromptBehavior: dismiss and notify, webauthn:extension:credBlob: true, webauthn:extension:largeBlob: true, webauthn:extension:minPinLength: true, webauthn:extension:prf: true, webauthn:virtualAuthenticators: true}
Session ID: 80dcfe209e49d14cbf1e58aa8a222acf
10:09:12.544 [Test worker] INFO  com.phonebook.utils.MyListener -- ***************************************
10:09:12.544 [Test worker] INFO  com.phonebook.utils.MyListener -- Object target --> org.openqa.selenium.remote.RemoteWebDriver$RemoteTargetLocator@1f6f0fe2
10:09:12.544 [Test worker] INFO  com.phonebook.utils.MyListener -- ****************************************
10:09:13.071 [Test worker] INFO  com.phonebook.tests.TestBase -- PASSED: loginNegativeWithoutEmailTest
10:09:13.071 [Test worker] INFO  com.phonebook.tests.TestBase -- Stop test
10:09:13.071 [Test worker] INFO  com.phonebook.tests.TestBase -- *********************************************************
]]></system-out>
  <system-err><![CDATA[]]></system-err>
</testsuite>
